<?xml version="1.0" encoding="UTF-8"?>
<robot generator="Robot 6.1.1 (Python 3.11.4 on win32)" generated="20230807 11:05:37.974" rpa="false" schemaversion="4">
<suite id="s1" name="Demo" source="C:\Users\aphale\PycharmProjects\pythonProject\test_suite\demo.robot">
<test id="s1-t1" name="Validate successful login" line="9">
<kw name="Open the browser with the Mortgage payment url">
<kw name="Create Webdriver" library="SeleniumLibrary">
<arg>Chrome</arg>
<doc>Creates an instance of Selenium WebDriver.</doc>
<msg timestamp="20230807 11:05:38.327" level="INFO">Creating an instance of the Chrome WebDriver.</msg>
<status status="PASS" starttime="20230807 11:05:38.327" endtime="20230807 11:05:42.448"/>
</kw>
<kw name="Go To" library="SeleniumLibrary">
<arg>https://rahulshettyacademy.com/loginpagePractise/</arg>
<doc>Navigates the current browser window to the provided ``url``.</doc>
<msg timestamp="20230807 11:05:42.448" level="INFO">Opening url 'https://rahulshettyacademy.com/loginpagePractise/'</msg>
<status status="PASS" starttime="20230807 11:05:42.448" endtime="20230807 11:05:43.228"/>
</kw>
<status status="PASS" starttime="20230807 11:05:38.327" endtime="20230807 11:05:43.228"/>
</kw>
<kw name="Fill the login Form">
<kw name="Input Text" library="SeleniumLibrary">
<arg>id:username</arg>
<arg>aman</arg>
<doc>Types the given ``text`` into the text field identified by ``locator``.</doc>
<msg timestamp="20230807 11:05:43.229" level="INFO">Typing text 'aman' into text field 'id:username'.</msg>
<status status="PASS" starttime="20230807 11:05:43.228" endtime="20230807 11:05:43.349"/>
</kw>
<kw name="Input Password" library="SeleniumLibrary">
<arg>id:password</arg>
<arg>123456</arg>
<doc>Types the given password into the text field identified by ``locator``.</doc>
<msg timestamp="20230807 11:05:43.350" level="INFO">Typing password into text field 'id:password'.</msg>
<msg timestamp="20230807 11:05:43.392" level="INFO">Temporally setting log level to: NONE</msg>
<msg timestamp="20230807 11:05:43.431" level="INFO">Log level changed from NONE to INFO.</msg>
<status status="PASS" starttime="20230807 11:05:43.349" endtime="20230807 11:05:43.431"/>
</kw>
<kw name="Click Button" library="SeleniumLibrary">
<arg>signInBtn</arg>
<doc>Clicks the button identified by ``locator``.</doc>
<msg timestamp="20230807 11:05:43.432" level="INFO">Clicking button 'signInBtn'.</msg>
<status status="PASS" starttime="20230807 11:05:43.431" endtime="20230807 11:05:43.491"/>
</kw>
<status status="PASS" starttime="20230807 11:05:43.228" endtime="20230807 11:05:43.491"/>
</kw>
<kw name="wait until it checks and display error message">
<kw name="Wait Until Element Is Visible" library="SeleniumLibrary">
<arg>${Error_Msg_Login}</arg>
<doc>Waits until the element ``locator`` is visible.</doc>
<status status="PASS" starttime="20230807 11:05:43.492" endtime="20230807 11:05:45.688"/>
</kw>
<status status="PASS" starttime="20230807 11:05:43.492" endtime="20230807 11:05:45.688"/>
</kw>
<kw name="verify error message is correct">
<kw name="Get Text" library="SeleniumLibrary">
<var>${result}</var>
<arg>${Error_Msg_Login}</arg>
<doc>Returns the text value of the element identified by ``locator``.</doc>
<msg timestamp="20230807 11:05:45.711" level="INFO">${result} = Incorrect username/password.</msg>
<status status="PASS" starttime="20230807 11:05:45.689" endtime="20230807 11:05:45.711"/>
</kw>
<kw name="Should Be Equal As Strings" library="BuiltIn">
<arg>${result}</arg>
<arg>Incorrect username/password.</arg>
<doc>Fails if objects are unequal after converting them to strings.</doc>
<status status="PASS" starttime="20230807 11:05:45.711" endtime="20230807 11:05:45.712"/>
</kw>
<status status="PASS" starttime="20230807 11:05:45.688" endtime="20230807 11:05:45.712"/>
</kw>
<status status="PASS" starttime="20230807 11:05:38.326" endtime="20230807 11:05:45.713"/>
</test>
<doc>to validate a login form</doc>
<status status="PASS" starttime="20230807 11:05:37.977" endtime="20230807 11:05:45.714"/>
</suite>
<statistics>
<total>
<stat pass="1" fail="0" skip="0">All Tests</stat>
</total>
<tag>
</tag>
<suite>
<stat pass="1" fail="0" skip="0" id="s1" name="Demo">Demo</stat>
</suite>
</statistics>
<errors>
</errors>
</robot>
